<?xml version="1.0" encoding="UTF-8"?>
<testng-results ignored="0" total="1" passed="1" failed="0" skipped="0">
  <reporter-output>
  </reporter-output>
  <suite started-at="2021-10-26T10:35:58Z" name="Suite" finished-at="2021-10-26T10:36:05Z" duration-ms="7593">
    <groups>
    </groups>
    <test started-at="2021-10-26T10:35:58Z" name="testmob" finished-at="2021-10-26T10:36:05Z" duration-ms="7593">
      <class name="com.scripted.selfHealingTests.CompleteTest_Self_Healing">
        <test-method is-config="true" signature="setup()[pri:0, instance:com.scripted.selfHealingTests.CompleteTest_Self_Healing@58e1d9d]" started-at="2021-10-26T10:35:57Z" name="setup" finished-at="2021-10-26T10:35:58Z" duration-ms="410" status="PASS">
          <reporter-output>
          </reporter-output>
        </test-method> <!-- setup -->
        <test-method is-config="true" signature="beforeMethod(org.testng.ITestResult)[pri:0, instance:com.scripted.selfHealingTests.CompleteTest_Self_Healing@58e1d9d]" started-at="2021-10-26T10:35:58Z" name="beforeMethod" finished-at="2021-10-26T10:35:58Z" duration-ms="1" status="PASS">
          <params>
            <param index="0">
              <value>
                <![CDATA[[TestResult name=TC005_TimeoutCheck status=SUCCESS method=CompleteTest_Self_Healing.TC005_TimeoutCheck()[pri:0, instance:com.scripted.selfHealingTests.CompleteTest_Self_Healing@58e1d9d] output={null}]]]>
              </value>
            </param>
          </params>
          <reporter-output>
          </reporter-output>
        </test-method> <!-- beforeMethod -->
        <test-method signature="TC005_TimeoutCheck()[pri:0, instance:com.scripted.selfHealingTests.CompleteTest_Self_Healing@58e1d9d]" started-at="2021-10-26T10:35:58Z" name="TC005_TimeoutCheck" finished-at="2021-10-26T10:36:01Z" duration-ms="3491" status="PASS">
          <reporter-output>
          </reporter-output>
        </test-method> <!-- TC005_TimeoutCheck -->
        <test-method is-config="true" signature="aftermethod()[pri:0, instance:com.scripted.selfHealingTests.CompleteTest_Self_Healing@58e1d9d]" started-at="2021-10-26T10:36:01Z" name="aftermethod" finished-at="2021-10-26T10:36:05Z" duration-ms="4079" status="PASS">
          <reporter-output>
          </reporter-output>
        </test-method> <!-- aftermethod -->
        <test-method is-config="true" signature="afterTest()[pri:0, instance:com.scripted.selfHealingTests.CompleteTest_Self_Healing@58e1d9d]" started-at="2021-10-26T10:36:05Z" name="afterTest" finished-at="2021-10-26T10:36:05Z" duration-ms="1" status="PASS">
          <reporter-output>
          </reporter-output>
        </test-method> <!-- afterTest -->
        <test-method is-config="true" signature="teardown()[pri:0, instance:com.scripted.selfHealingTests.CompleteTest_Self_Healing@58e1d9d]" started-at="2021-10-26T10:36:05Z" name="teardown" finished-at="2021-10-26T10:36:05Z" duration-ms="53" status="PASS">
          <reporter-output>
          </reporter-output>
        </test-method> <!-- teardown -->
      </class> <!-- com.scripted.selfHealingTests.CompleteTest_Self_Healing -->
    </test> <!-- testmob -->
  </suite> <!-- Suite -->
</testng-results>
